<?xml version="1.0" encoding="UTF-8"?>
<robot generator="Robot 4.1.1 (Python 3.9.7 on win32)" generated="20210925 01:39:27.714" rpa="false" schemaversion="2">
<suite id="s1" name="Specs" source="C:\projects\marvel-api\specs">
<suite id="s1-s1" name="CreateCharacters" source="C:\projects\marvel-api\specs\CreateCharacters.robot">
<kw name="Super Setup" library="Base" type="SETUP">
<arg>sgabrielcardosoc@gmail.com</arg>
<kw name="Set Client Key" library="Base">
<arg>${email}</arg>
<kw name="Create Dictionary" library="BuiltIn">
<var>&amp;{usuario}</var>
<arg>email=${email}</arg>
<doc>Creates and returns a dictionary based on the given ``items``.</doc>
<msg timestamp="20210925 01:39:27.854" level="INFO">&amp;{usuario} = { email=sgabrielcardosoc@gmail.com }</msg>
<status status="PASS" starttime="20210925 01:39:27.854" endtime="20210925 01:39:27.854"/>
</kw>
<kw name="POST" library="RequestsLibrary">
<var>${response}</var>
<arg>${API_URL}/accounts</arg>
<arg>json=${usuario}</arg>
<doc>Sends a POST request.</doc>
<msg timestamp="20210925 01:39:28.181" level="INFO">POST Request : url=http://marvel.qaninja.academy/accounts 
 path_url=/accounts 
 headers={'User-Agent': 'python-requests/2.26.0', 'Accept-Encoding': 'gzip, deflate', 'Accept': '*/*', 'Connection': 'keep-alive', 'Content-Length': '39', 'Content-Type': 'application/json'} 
 body=b'{"email": "sgabrielcardosoc@gmail.com"}' 
 </msg>
<msg timestamp="20210925 01:39:28.181" level="INFO">POST Response : url=http://marvel.qaninja.academy/accounts 
 status=200, reason=OK 
 headers={'Server': 'Cowboy', 'Connection': 'keep-alive', 'X-Powered-By': 'Express', 'Access-Control-Allow-Origin': '*', 'Content-Type': 'application/json; charset=utf-8', 'Content-Length': '41', 'Etag': 'W/"29-teaX8ciu3G57+P6WgWTaarTXHB8"', 'Date': 'Sat, 25 Sep 2021 04:40:42 GMT', 'Via': '1.1 vegur'} 
 body={"client_key":"6148fc1887266300169300fb"} 
 </msg>
<msg timestamp="20210925 01:39:28.181" level="INFO">${response} = &lt;Response [200]&gt;</msg>
<status status="PASS" starttime="20210925 01:39:27.855" endtime="20210925 01:39:28.181"/>
</kw>
<kw name="Set Variable" library="BuiltIn">
<var>${client_key}</var>
<arg>${response.json()}[client_key]</arg>
<doc>Returns the given values which can then be assigned to a variables.</doc>
<msg timestamp="20210925 01:39:28.183" level="INFO">${client_key} = 6148fc1887266300169300fb</msg>
<status status="PASS" starttime="20210925 01:39:28.182" endtime="20210925 01:39:28.183"/>
</kw>
<kw name="Create Dictionary" library="BuiltIn">
<var>&amp;{HEADERS}</var>
<arg>client_key=${client_key}</arg>
<doc>Creates and returns a dictionary based on the given ``items``.</doc>
<msg timestamp="20210925 01:39:28.184" level="INFO">&amp;{HEADERS} = { client_key=6148fc1887266300169300fb }</msg>
<status status="PASS" starttime="20210925 01:39:28.184" endtime="20210925 01:39:28.184"/>
</kw>
<kw name="Set Suite Variable" library="BuiltIn">
<arg>${HEADERS}</arg>
<doc>Makes a variable available everywhere within the scope of the current suite.</doc>
<msg timestamp="20210925 01:39:28.185" level="INFO">${HEADERS} = {'client_key': '6148fc1887266300169300fb'}</msg>
<status status="PASS" starttime="20210925 01:39:28.185" endtime="20210925 01:39:28.185"/>
</kw>
<status status="PASS" starttime="20210925 01:39:27.853" endtime="20210925 01:39:28.186"/>
</kw>
<kw name="Back To The Past" library="Base">
<kw name="DELETE" library="RequestsLibrary">
<arg>${API_URL}/delorean</arg>
<arg>headers=${HEADERS}</arg>
<doc>Sends a DELETE request.</doc>
<msg timestamp="20210925 01:39:28.492" level="INFO">DELETE Request : url=http://marvel.qaninja.academy/delorean 
 path_url=/delorean 
 headers={'User-Agent': 'python-requests/2.26.0', 'Accept-Encoding': 'gzip, deflate', 'Accept': '*/*', 'Connection': 'keep-alive', 'client_key': '6148fc1887266300169300fb', 'Content-Length': '0'} 
 body=None 
 </msg>
<msg timestamp="20210925 01:39:28.492" level="INFO">DELETE Response : url=http://marvel.qaninja.academy/delorean 
 status=200, reason=OK 
 headers={'Server': 'Cowboy', 'Connection': 'keep-alive', 'X-Powered-By': 'Express', 'Access-Control-Allow-Origin': '*', 'Content-Type': 'application/json; charset=utf-8', 'Content-Length': '31', 'Etag': 'W/"1f-ImqlboUfbv1n1FbEV48J/4RvhGg"', 'Date': 'Sat, 25 Sep 2021 04:40:43 GMT', 'Via': '1.1 vegur'} 
 body={"message":"Avengers Assemble"} 
 </msg>
<status status="PASS" starttime="20210925 01:39:28.187" endtime="20210925 01:39:28.492"/>
</kw>
<status status="PASS" starttime="20210925 01:39:28.187" endtime="20210925 01:39:28.493"/>
</kw>
<status status="PASS" starttime="20210925 01:39:27.853" endtime="20210925 01:39:28.493"/>
</kw>
<test id="s1-s1-t1" name="Deve cadastrar um Personagem">
<kw name="Factory Star Lord" library="Guardians">
<var>${personagem}</var>
<msg timestamp="20210925 01:39:28.495" level="INFO">${personagem} = {'name': 'Peter Quill', 'aliases': 'Star Lord', 'age': 30, 'team': 'Guardians of the Galaxy', 'active': True}</msg>
<status status="PASS" starttime="20210925 01:39:28.494" endtime="20210925 01:39:28.495"/>
</kw>
<kw name="POST New Character" library="Characters">
<var>${response}</var>
<arg>${personagem}</arg>
<kw name="POST" library="RequestsLibrary">
<var>${response}</var>
<arg>${API_URL}/characters</arg>
<arg>json=${payload}</arg>
<arg>headers=${HEADERS}</arg>
<arg>expected_status=any</arg>
<doc>Sends a POST request.</doc>
<msg timestamp="20210925 01:39:28.824" level="INFO">POST Request : url=http://marvel.qaninja.academy/characters 
 path_url=/characters 
 headers={'User-Agent': 'python-requests/2.26.0', 'Accept-Encoding': 'gzip, deflate', 'Accept': '*/*', 'Connection': 'keep-alive', 'client_key': '6148fc1887266300169300fb', 'Content-Length': '109', 'Content-Type': 'application/json'} 
 body=b'{"name": "Peter Quill", "aliases": "Star Lord", "age": 30, "team": "Guardians of the Galaxy", "active": true}' 
 </msg>
<msg timestamp="20210925 01:39:28.824" level="INFO">POST Response : url=http://marvel.qaninja.academy/characters 
 status=200, reason=OK 
 headers={'Server': 'Cowboy', 'Connection': 'keep-alive', 'X-Powered-By': 'Express', 'Access-Control-Allow-Origin': '*', 'Content-Type': 'application/json; charset=utf-8', 'Content-Length': '168', 'Etag': 'W/"a8-1CSt5QeUyOaQQxF9NjeR9sz+V3o"', 'Date': 'Sat, 25 Sep 2021 04:40:43 GMT', 'Via': '1.1 vegur'} 
 body={"_id":"614ea84b9935ee0016ee2cad","name":"Peter Quill","age":30,"aliases":"Star Lord","team":"Guardians of the Galaxy","active":true,"owner":"6148fc1887266300169300fb"} 
 </msg>
<msg timestamp="20210925 01:39:28.824" level="INFO">${response} = &lt;Response [200]&gt;</msg>
<status status="PASS" starttime="20210925 01:39:28.496" endtime="20210925 01:39:28.824"/>
</kw>
<msg timestamp="20210925 01:39:28.825" level="INFO">${response} = &lt;Response [200]&gt;</msg>
<status status="PASS" starttime="20210925 01:39:28.496" endtime="20210925 01:39:28.825"/>
</kw>
<kw name="Status Should Be" library="RequestsLibrary">
<arg>200</arg>
<arg>${response}</arg>
<doc>Fails if response status code is different than the expected.</doc>
<status status="PASS" starttime="20210925 01:39:28.826" endtime="20210925 01:39:28.827"/>
</kw>
<status status="PASS" starttime="20210925 01:39:28.494" endtime="20210925 01:39:28.827"/>
</test>
<test id="s1-s1-t2" name="Não deve cadastrar com o mesmo nome">
<kw name="Factory Groot" library="Guardians">
<var>${personagem}</var>
<msg timestamp="20210925 01:39:28.830" level="INFO">${personagem} = {'name': 'Groot', 'aliases': 'Groot', 'age': 300, 'team': 'Guardians of the Galaxy', 'active': True}</msg>
<status status="PASS" starttime="20210925 01:39:28.830" endtime="20210925 01:39:28.830"/>
</kw>
<kw name="POST New Character" library="Characters">
<arg>${personagem}</arg>
<kw name="POST" library="RequestsLibrary">
<var>${response}</var>
<arg>${API_URL}/characters</arg>
<arg>json=${payload}</arg>
<arg>headers=${HEADERS}</arg>
<arg>expected_status=any</arg>
<doc>Sends a POST request.</doc>
<msg timestamp="20210925 01:39:29.146" level="INFO">POST Request : url=http://marvel.qaninja.academy/characters 
 path_url=/characters 
 headers={'User-Agent': 'python-requests/2.26.0', 'Accept-Encoding': 'gzip, deflate', 'Accept': '*/*', 'Connection': 'keep-alive', 'client_key': '6148fc1887266300169300fb', 'Content-Length': '100', 'Content-Type': 'application/json'} 
 body=b'{"name": "Groot", "aliases": "Groot", "age": 300, "team": "Guardians of the Galaxy", "active": true}' 
 </msg>
<msg timestamp="20210925 01:39:29.146" level="INFO">POST Response : url=http://marvel.qaninja.academy/characters 
 status=200, reason=OK 
 headers={'Server': 'Cowboy', 'Connection': 'keep-alive', 'X-Powered-By': 'Express', 'Access-Control-Allow-Origin': '*', 'Content-Type': 'application/json; charset=utf-8', 'Content-Length': '159', 'Etag': 'W/"9f-sgVGGsiUmx0NvRSD5tlr8UZO16k"', 'Date': 'Sat, 25 Sep 2021 04:40:43 GMT', 'Via': '1.1 vegur'} 
 body={"_id":"614ea84b9935ee0016ee2cb1","name":"Groot","age":300,"aliases":"Groot","team":"Guardians of the Galaxy","active":true,"owner":"6148fc1887266300169300fb"} 
 </msg>
<msg timestamp="20210925 01:39:29.146" level="INFO">${response} = &lt;Response [200]&gt;</msg>
<status status="PASS" starttime="20210925 01:39:28.831" endtime="20210925 01:39:29.146"/>
</kw>
<status status="PASS" starttime="20210925 01:39:28.831" endtime="20210925 01:39:29.147"/>
</kw>
<kw name="POST New Character" library="Characters">
<var>${response}</var>
<arg>${personagem}</arg>
<kw name="POST" library="RequestsLibrary">
<var>${response}</var>
<arg>${API_URL}/characters</arg>
<arg>json=${payload}</arg>
<arg>headers=${HEADERS}</arg>
<arg>expected_status=any</arg>
<doc>Sends a POST request.</doc>
<msg timestamp="20210925 01:39:29.465" level="INFO">POST Request : url=http://marvel.qaninja.academy/characters 
 path_url=/characters 
 headers={'User-Agent': 'python-requests/2.26.0', 'Accept-Encoding': 'gzip, deflate', 'Accept': '*/*', 'Connection': 'keep-alive', 'client_key': '6148fc1887266300169300fb', 'Content-Length': '100', 'Content-Type': 'application/json'} 
 body=b'{"name": "Groot", "aliases": "Groot", "age": 300, "team": "Guardians of the Galaxy", "active": true}' 
 </msg>
<msg timestamp="20210925 01:39:29.465" level="INFO">POST Response : url=http://marvel.qaninja.academy/characters 
 status=409, reason=Conflict 
 headers={'Server': 'Cowboy', 'Connection': 'keep-alive', 'X-Powered-By': 'Express', 'Access-Control-Allow-Origin': '*', 'Content-Type': 'application/json; charset=utf-8', 'Content-Length': '39', 'Etag': 'W/"27-u8CjYCAAYHK/l+EQR0JyKi0LQGU"', 'Date': 'Sat, 25 Sep 2021 04:40:44 GMT', 'Via': '1.1 vegur'} 
 body={"error":"Character already exists :("} 
 </msg>
<msg timestamp="20210925 01:39:29.465" level="INFO">${response} = &lt;Response [409]&gt;</msg>
<status status="PASS" starttime="20210925 01:39:29.148" endtime="20210925 01:39:29.465"/>
</kw>
<msg timestamp="20210925 01:39:29.466" level="INFO">${response} = &lt;Response [409]&gt;</msg>
<status status="PASS" starttime="20210925 01:39:29.148" endtime="20210925 01:39:29.466"/>
</kw>
<kw name="Status Should Be" library="RequestsLibrary">
<arg>409</arg>
<arg>${response}</arg>
<doc>Fails if response status code is different than the expected.</doc>
<status status="PASS" starttime="20210925 01:39:29.467" endtime="20210925 01:39:29.468"/>
</kw>
<kw name="Should Be Equal" library="BuiltIn">
<arg>${response.json()}[error]</arg>
<arg>Character already exists :(</arg>
<doc>Fails if the given objects are unequal.</doc>
<status status="PASS" starttime="20210925 01:39:29.468" endtime="20210925 01:39:29.469"/>
</kw>
<tag>dup</tag>
<status status="PASS" starttime="20210925 01:39:28.829" endtime="20210925 01:39:29.469"/>
</test>
<doc>Suite de Teste do cadastro de personagens na API da Marvel</doc>
<status status="PASS" starttime="20210925 01:39:27.776" endtime="20210925 01:39:29.472"/>
</suite>
<suite id="s1-s2" name="RemoveCharacters" source="C:\projects\marvel-api\specs\RemoveCharacters.robot">
<kw name="Super Setup" library="Base" type="SETUP">
<arg>sgabrielcardosoc@gmail.com</arg>
<kw name="Set Client Key" library="Base">
<arg>${email}</arg>
<kw name="Create Dictionary" library="BuiltIn">
<var>&amp;{usuario}</var>
<arg>email=${email}</arg>
<doc>Creates and returns a dictionary based on the given ``items``.</doc>
<msg timestamp="20210925 01:39:29.481" level="INFO">&amp;{usuario} = { email=sgabrielcardosoc@gmail.com }</msg>
<status status="PASS" starttime="20210925 01:39:29.481" endtime="20210925 01:39:29.482"/>
</kw>
<kw name="POST" library="RequestsLibrary">
<var>${response}</var>
<arg>${API_URL}/accounts</arg>
<arg>json=${usuario}</arg>
<doc>Sends a POST request.</doc>
<msg timestamp="20210925 01:39:29.864" level="INFO">POST Request : url=http://marvel.qaninja.academy/accounts 
 path_url=/accounts 
 headers={'User-Agent': 'python-requests/2.26.0', 'Accept-Encoding': 'gzip, deflate', 'Accept': '*/*', 'Connection': 'keep-alive', 'Content-Length': '39', 'Content-Type': 'application/json'} 
 body=b'{"email": "sgabrielcardosoc@gmail.com"}' 
 </msg>
<msg timestamp="20210925 01:39:29.864" level="INFO">POST Response : url=http://marvel.qaninja.academy/accounts 
 status=200, reason=OK 
 headers={'Server': 'Cowboy', 'Connection': 'keep-alive', 'X-Powered-By': 'Express', 'Access-Control-Allow-Origin': '*', 'Content-Type': 'application/json; charset=utf-8', 'Content-Length': '41', 'Etag': 'W/"29-teaX8ciu3G57+P6WgWTaarTXHB8"', 'Date': 'Sat, 25 Sep 2021 04:40:44 GMT', 'Via': '1.1 vegur'} 
 body={"client_key":"6148fc1887266300169300fb"} 
 </msg>
<msg timestamp="20210925 01:39:29.864" level="INFO">${response} = &lt;Response [200]&gt;</msg>
<status status="PASS" starttime="20210925 01:39:29.482" endtime="20210925 01:39:29.864"/>
</kw>
<kw name="Set Variable" library="BuiltIn">
<var>${client_key}</var>
<arg>${response.json()}[client_key]</arg>
<doc>Returns the given values which can then be assigned to a variables.</doc>
<msg timestamp="20210925 01:39:29.866" level="INFO">${client_key} = 6148fc1887266300169300fb</msg>
<status status="PASS" starttime="20210925 01:39:29.865" endtime="20210925 01:39:29.866"/>
</kw>
<kw name="Create Dictionary" library="BuiltIn">
<var>&amp;{HEADERS}</var>
<arg>client_key=${client_key}</arg>
<doc>Creates and returns a dictionary based on the given ``items``.</doc>
<msg timestamp="20210925 01:39:29.867" level="INFO">&amp;{HEADERS} = { client_key=6148fc1887266300169300fb }</msg>
<status status="PASS" starttime="20210925 01:39:29.867" endtime="20210925 01:39:29.867"/>
</kw>
<kw name="Set Suite Variable" library="BuiltIn">
<arg>${HEADERS}</arg>
<doc>Makes a variable available everywhere within the scope of the current suite.</doc>
<msg timestamp="20210925 01:39:29.868" level="INFO">${HEADERS} = {'client_key': '6148fc1887266300169300fb'}</msg>
<status status="PASS" starttime="20210925 01:39:29.868" endtime="20210925 01:39:29.868"/>
</kw>
<status status="PASS" starttime="20210925 01:39:29.481" endtime="20210925 01:39:29.869"/>
</kw>
<kw name="Back To The Past" library="Base">
<kw name="DELETE" library="RequestsLibrary">
<arg>${API_URL}/delorean</arg>
<arg>headers=${HEADERS}</arg>
<doc>Sends a DELETE request.</doc>
<msg timestamp="20210925 01:39:30.181" level="INFO">DELETE Request : url=http://marvel.qaninja.academy/delorean 
 path_url=/delorean 
 headers={'User-Agent': 'python-requests/2.26.0', 'Accept-Encoding': 'gzip, deflate', 'Accept': '*/*', 'Connection': 'keep-alive', 'client_key': '6148fc1887266300169300fb', 'Content-Length': '0'} 
 body=None 
 </msg>
<msg timestamp="20210925 01:39:30.181" level="INFO">DELETE Response : url=http://marvel.qaninja.academy/delorean 
 status=200, reason=OK 
 headers={'Server': 'Cowboy', 'Connection': 'keep-alive', 'X-Powered-By': 'Express', 'Access-Control-Allow-Origin': '*', 'Content-Type': 'application/json; charset=utf-8', 'Content-Length': '31', 'Etag': 'W/"1f-ImqlboUfbv1n1FbEV48J/4RvhGg"', 'Date': 'Sat, 25 Sep 2021 04:40:44 GMT', 'Via': '1.1 vegur'} 
 body={"message":"Avengers Assemble"} 
 </msg>
<status status="PASS" starttime="20210925 01:39:29.869" endtime="20210925 01:39:30.181"/>
</kw>
<status status="PASS" starttime="20210925 01:39:29.869" endtime="20210925 01:39:30.183"/>
</kw>
<status status="PASS" starttime="20210925 01:39:29.481" endtime="20210925 01:39:30.183"/>
</kw>
<test id="s1-s2-t1" name="Deve remover um personagem pelo Id">
<kw name="Factory Ciclope" library="Xmen">
<var>${personagem}</var>
<msg timestamp="20210925 01:39:30.185" level="INFO">${personagem} = {'name': 'Ciclope', 'aliases': 'Ciclope', 'age': 25, 'team': 'X-men', 'active': True}</msg>
<status status="PASS" starttime="20210925 01:39:30.184" endtime="20210925 01:39:30.185"/>
</kw>
<kw name="POST New Character" library="Characters">
<var>${ciclope}</var>
<arg>${personagem}</arg>
<kw name="POST" library="RequestsLibrary">
<var>${response}</var>
<arg>${API_URL}/characters</arg>
<arg>json=${payload}</arg>
<arg>headers=${HEADERS}</arg>
<arg>expected_status=any</arg>
<doc>Sends a POST request.</doc>
<msg timestamp="20210925 01:39:30.524" level="INFO">POST Request : url=http://marvel.qaninja.academy/characters 
 path_url=/characters 
 headers={'User-Agent': 'python-requests/2.26.0', 'Accept-Encoding': 'gzip, deflate', 'Accept': '*/*', 'Connection': 'keep-alive', 'client_key': '6148fc1887266300169300fb', 'Content-Length': '85', 'Content-Type': 'application/json'} 
 body=b'{"name": "Ciclope", "aliases": "Ciclope", "age": 25, "team": "X-men", "active": true}' 
 </msg>
<msg timestamp="20210925 01:39:30.524" level="INFO">POST Response : url=http://marvel.qaninja.academy/characters 
 status=200, reason=OK 
 headers={'Server': 'Cowboy', 'Connection': 'keep-alive', 'X-Powered-By': 'Express', 'Access-Control-Allow-Origin': '*', 'Content-Type': 'application/json; charset=utf-8', 'Content-Length': '144', 'Etag': 'W/"90-47OCtYPhr6ZXFAMzbXjBgD/Lh0Q"', 'Date': 'Sat, 25 Sep 2021 04:40:45 GMT', 'Via': '1.1 vegur'} 
 body={"_id":"614ea84d9935ee0016ee2cba","name":"Ciclope","age":25,"aliases":"Ciclope","team":"X-men","active":true,"owner":"6148fc1887266300169300fb"} 
 </msg>
<msg timestamp="20210925 01:39:30.524" level="INFO">${response} = &lt;Response [200]&gt;</msg>
<status status="PASS" starttime="20210925 01:39:30.186" endtime="20210925 01:39:30.524"/>
</kw>
<msg timestamp="20210925 01:39:30.525" level="INFO">${ciclope} = &lt;Response [200]&gt;</msg>
<status status="PASS" starttime="20210925 01:39:30.185" endtime="20210925 01:39:30.525"/>
</kw>
<kw name="Set Variable" library="BuiltIn">
<var>${ciclope_id}</var>
<arg>${ciclope.json()}[_id]</arg>
<doc>Returns the given values which can then be assigned to a variables.</doc>
<msg timestamp="20210925 01:39:30.527" level="INFO">${ciclope_id} = 614ea84d9935ee0016ee2cba</msg>
<status status="PASS" starttime="20210925 01:39:30.526" endtime="20210925 01:39:30.527"/>
</kw>
<kw name="DELETE Character By Id" library="Characters">
<var>${response}</var>
<arg>${ciclope_id}</arg>
<kw name="DELETE" library="RequestsLibrary">
<var>${response}</var>
<arg>${API_URL}/characters/${Character_id}</arg>
<arg>headers=${HEADERS}</arg>
<arg>expected_status=any</arg>
<doc>Sends a DELETE request.</doc>
<msg timestamp="20210925 01:39:30.859" level="INFO">DELETE Request : url=http://marvel.qaninja.academy/characters/614ea84d9935ee0016ee2cba 
 path_url=/characters/614ea84d9935ee0016ee2cba 
 headers={'User-Agent': 'python-requests/2.26.0', 'Accept-Encoding': 'gzip, deflate', 'Accept': '*/*', 'Connection': 'keep-alive', 'client_key': '6148fc1887266300169300fb', 'Content-Length': '0'} 
 body=None 
 </msg>
<msg timestamp="20210925 01:39:30.859" level="INFO">DELETE Response : url=http://marvel.qaninja.academy/characters/614ea84d9935ee0016ee2cba 
 status=204, reason=No Content 
 headers={'Server': 'Cowboy', 'Content-Length': '0', 'Connection': 'keep-alive', 'X-Powered-By': 'Express', 'Access-Control-Allow-Origin': '*', 'Date': 'Sat, 25 Sep 2021 04:40:45 GMT', 'Via': '1.1 vegur'} 
 body=None 
 </msg>
<msg timestamp="20210925 01:39:30.859" level="INFO">${response} = &lt;Response [204]&gt;</msg>
<status status="PASS" starttime="20210925 01:39:30.529" endtime="20210925 01:39:30.859"/>
</kw>
<msg timestamp="20210925 01:39:30.860" level="INFO">${response} = &lt;Response [204]&gt;</msg>
<status status="PASS" starttime="20210925 01:39:30.528" endtime="20210925 01:39:30.860"/>
</kw>
<kw name="Status Should Be" library="RequestsLibrary">
<arg>204</arg>
<arg>${response}</arg>
<doc>Fails if response status code is different than the expected.</doc>
<status status="PASS" starttime="20210925 01:39:30.861" endtime="20210925 01:39:30.862"/>
</kw>
<kw name="GET Character By Id" library="Characters">
<var>${response2}</var>
<arg>${ciclope_id}</arg>
<kw name="GET" library="RequestsLibrary">
<var>${response}</var>
<arg>${API_URL}/characters/${Character_id}</arg>
<arg>headers=${HEADERS}</arg>
<arg>expected_status=any</arg>
<doc>Sends a GET request.</doc>
<msg timestamp="20210925 01:39:31.188" level="INFO">GET Request : url=http://marvel.qaninja.academy/characters/614ea84d9935ee0016ee2cba 
 path_url=/characters/614ea84d9935ee0016ee2cba 
 headers={'User-Agent': 'python-requests/2.26.0', 'Accept-Encoding': 'gzip, deflate', 'Accept': '*/*', 'Connection': 'keep-alive', 'client_key': '6148fc1887266300169300fb'} 
 body=None 
 </msg>
<msg timestamp="20210925 01:39:31.188" level="INFO">GET Response : url=http://marvel.qaninja.academy/characters/614ea84d9935ee0016ee2cba 
 status=404, reason=Not Found 
 headers={'Server': 'Cowboy', 'Connection': 'keep-alive', 'X-Powered-By': 'Express', 'Access-Control-Allow-Origin': '*', 'Date': 'Sat, 25 Sep 2021 04:40:45 GMT', 'Content-Length': '0', 'Via': '1.1 vegur'} 
 body=None 
 </msg>
<msg timestamp="20210925 01:39:31.188" level="INFO">${response} = &lt;Response [404]&gt;</msg>
<status status="PASS" starttime="20210925 01:39:30.862" endtime="20210925 01:39:31.188"/>
</kw>
<msg timestamp="20210925 01:39:31.190" level="INFO">${response2} = &lt;Response [404]&gt;</msg>
<status status="PASS" starttime="20210925 01:39:30.862" endtime="20210925 01:39:31.190"/>
</kw>
<kw name="Status Should Be" library="RequestsLibrary">
<arg>404</arg>
<arg>${response2}</arg>
<doc>Fails if response status code is different than the expected.</doc>
<status status="PASS" starttime="20210925 01:39:31.191" endtime="20210925 01:39:31.191"/>
</kw>
<status status="PASS" starttime="20210925 01:39:30.184" endtime="20210925 01:39:31.192"/>
</test>
<test id="s1-s2-t2" name="Personagem não encontrado">
<kw name="Get Unique Id" library="Helpers">
<var>${personagem_id}</var>
<msg timestamp="20210925 01:39:31.196" level="INFO">${personagem_id} = 614ea803588a2927d07a4bc0</msg>
<status status="PASS" starttime="20210925 01:39:31.196" endtime="20210925 01:39:31.196"/>
</kw>
<kw name="DELETE Character By Id" library="Characters">
<var>${response}</var>
<arg>${personagem_id}</arg>
<kw name="DELETE" library="RequestsLibrary">
<var>${response}</var>
<arg>${API_URL}/characters/${Character_id}</arg>
<arg>headers=${HEADERS}</arg>
<arg>expected_status=any</arg>
<doc>Sends a DELETE request.</doc>
<msg timestamp="20210925 01:39:31.571" level="INFO">DELETE Request : url=http://marvel.qaninja.academy/characters/614ea803588a2927d07a4bc0 
 path_url=/characters/614ea803588a2927d07a4bc0 
 headers={'User-Agent': 'python-requests/2.26.0', 'Accept-Encoding': 'gzip, deflate', 'Accept': '*/*', 'Connection': 'keep-alive', 'client_key': '6148fc1887266300169300fb', 'Content-Length': '0'} 
 body=None 
 </msg>
<msg timestamp="20210925 01:39:31.571" level="INFO">DELETE Response : url=http://marvel.qaninja.academy/characters/614ea803588a2927d07a4bc0 
 status=404, reason=Not Found 
 headers={'Server': 'Cowboy', 'Connection': 'keep-alive', 'X-Powered-By': 'Express', 'Access-Control-Allow-Origin': '*', 'Date': 'Sat, 25 Sep 2021 04:40:46 GMT', 'Content-Length': '0', 'Via': '1.1 vegur'} 
 body=None 
 </msg>
<msg timestamp="20210925 01:39:31.571" level="INFO">${response} = &lt;Response [404]&gt;</msg>
<status status="PASS" starttime="20210925 01:39:31.197" endtime="20210925 01:39:31.571"/>
</kw>
<msg timestamp="20210925 01:39:31.572" level="INFO">${response} = &lt;Response [404]&gt;</msg>
<status status="PASS" starttime="20210925 01:39:31.197" endtime="20210925 01:39:31.572"/>
</kw>
<kw name="Status Should Be" library="RequestsLibrary">
<arg>404</arg>
<arg>${response}</arg>
<doc>Fails if response status code is different than the expected.</doc>
<status status="PASS" starttime="20210925 01:39:31.573" endtime="20210925 01:39:31.574"/>
</kw>
<status status="PASS" starttime="20210925 01:39:31.195" endtime="20210925 01:39:31.574"/>
</test>
<doc>Suite de Teste de exclusão de personagens na API da Marvel</doc>
<status status="PASS" starttime="20210925 01:39:29.476" endtime="20210925 01:39:31.577"/>
</suite>
<suite id="s1-s3" name="SearchCharacters" source="C:\projects\marvel-api\specs\SearchCharacters.robot">
<kw name="Super Setup" library="Base" type="SETUP">
<arg>sgabrielcardosoc@gmail.com</arg>
<kw name="Set Client Key" library="Base">
<arg>${email}</arg>
<kw name="Create Dictionary" library="BuiltIn">
<var>&amp;{usuario}</var>
<arg>email=${email}</arg>
<doc>Creates and returns a dictionary based on the given ``items``.</doc>
<msg timestamp="20210925 01:39:31.586" level="INFO">&amp;{usuario} = { email=sgabrielcardosoc@gmail.com }</msg>
<status status="PASS" starttime="20210925 01:39:31.585" endtime="20210925 01:39:31.586"/>
</kw>
<kw name="POST" library="RequestsLibrary">
<var>${response}</var>
<arg>${API_URL}/accounts</arg>
<arg>json=${usuario}</arg>
<doc>Sends a POST request.</doc>
<msg timestamp="20210925 01:39:31.901" level="INFO">POST Request : url=http://marvel.qaninja.academy/accounts 
 path_url=/accounts 
 headers={'User-Agent': 'python-requests/2.26.0', 'Accept-Encoding': 'gzip, deflate', 'Accept': '*/*', 'Connection': 'keep-alive', 'Content-Length': '39', 'Content-Type': 'application/json'} 
 body=b'{"email": "sgabrielcardosoc@gmail.com"}' 
 </msg>
<msg timestamp="20210925 01:39:31.901" level="INFO">POST Response : url=http://marvel.qaninja.academy/accounts 
 status=200, reason=OK 
 headers={'Server': 'Cowboy', 'Connection': 'keep-alive', 'X-Powered-By': 'Express', 'Access-Control-Allow-Origin': '*', 'Content-Type': 'application/json; charset=utf-8', 'Content-Length': '41', 'Etag': 'W/"29-teaX8ciu3G57+P6WgWTaarTXHB8"', 'Date': 'Sat, 25 Sep 2021 04:40:46 GMT', 'Via': '1.1 vegur'} 
 body={"client_key":"6148fc1887266300169300fb"} 
 </msg>
<msg timestamp="20210925 01:39:31.901" level="INFO">${response} = &lt;Response [200]&gt;</msg>
<status status="PASS" starttime="20210925 01:39:31.586" endtime="20210925 01:39:31.901"/>
</kw>
<kw name="Set Variable" library="BuiltIn">
<var>${client_key}</var>
<arg>${response.json()}[client_key]</arg>
<doc>Returns the given values which can then be assigned to a variables.</doc>
<msg timestamp="20210925 01:39:31.902" level="INFO">${client_key} = 6148fc1887266300169300fb</msg>
<status status="PASS" starttime="20210925 01:39:31.902" endtime="20210925 01:39:31.903"/>
</kw>
<kw name="Create Dictionary" library="BuiltIn">
<var>&amp;{HEADERS}</var>
<arg>client_key=${client_key}</arg>
<doc>Creates and returns a dictionary based on the given ``items``.</doc>
<msg timestamp="20210925 01:39:31.903" level="INFO">&amp;{HEADERS} = { client_key=6148fc1887266300169300fb }</msg>
<status status="PASS" starttime="20210925 01:39:31.903" endtime="20210925 01:39:31.903"/>
</kw>
<kw name="Set Suite Variable" library="BuiltIn">
<arg>${HEADERS}</arg>
<doc>Makes a variable available everywhere within the scope of the current suite.</doc>
<msg timestamp="20210925 01:39:31.904" level="INFO">${HEADERS} = {'client_key': '6148fc1887266300169300fb'}</msg>
<status status="PASS" starttime="20210925 01:39:31.904" endtime="20210925 01:39:31.904"/>
</kw>
<status status="PASS" starttime="20210925 01:39:31.585" endtime="20210925 01:39:31.905"/>
</kw>
<kw name="Back To The Past" library="Base">
<kw name="DELETE" library="RequestsLibrary">
<arg>${API_URL}/delorean</arg>
<arg>headers=${HEADERS}</arg>
<doc>Sends a DELETE request.</doc>
<msg timestamp="20210925 01:39:32.277" level="INFO">DELETE Request : url=http://marvel.qaninja.academy/delorean 
 path_url=/delorean 
 headers={'User-Agent': 'python-requests/2.26.0', 'Accept-Encoding': 'gzip, deflate', 'Accept': '*/*', 'Connection': 'keep-alive', 'client_key': '6148fc1887266300169300fb', 'Content-Length': '0'} 
 body=None 
 </msg>
<msg timestamp="20210925 01:39:32.277" level="INFO">DELETE Response : url=http://marvel.qaninja.academy/delorean 
 status=200, reason=OK 
 headers={'Server': 'Cowboy', 'Connection': 'keep-alive', 'X-Powered-By': 'Express', 'Access-Control-Allow-Origin': '*', 'Content-Type': 'application/json; charset=utf-8', 'Content-Length': '31', 'Etag': 'W/"1f-ImqlboUfbv1n1FbEV48J/4RvhGg"', 'Date': 'Sat, 25 Sep 2021 04:40:46 GMT', 'Via': '1.1 vegur'} 
 body={"message":"Avengers Assemble"} 
 </msg>
<status status="PASS" starttime="20210925 01:39:31.905" endtime="20210925 01:39:32.277"/>
</kw>
<status status="PASS" starttime="20210925 01:39:31.905" endtime="20210925 01:39:32.278"/>
</kw>
<status status="PASS" starttime="20210925 01:39:31.585" endtime="20210925 01:39:32.278"/>
</kw>
<test id="s1-s3-t1" name="Deve buscar um personagem pelo Id">
<kw name="Factory Logan" library="Xmen">
<var>${personagem}</var>
<msg timestamp="20210925 01:39:32.279" level="INFO">${personagem} = {'name': 'Logan', 'aliases': 'Wolverine', 'age': 100, 'team': 'X-men', 'active': True}</msg>
<status status="PASS" starttime="20210925 01:39:32.279" endtime="20210925 01:39:32.279"/>
</kw>
<kw name="POST New Character" library="Characters">
<var>${logan}</var>
<arg>${personagem}</arg>
<kw name="POST" library="RequestsLibrary">
<var>${response}</var>
<arg>${API_URL}/characters</arg>
<arg>json=${payload}</arg>
<arg>headers=${HEADERS}</arg>
<arg>expected_status=any</arg>
<doc>Sends a POST request.</doc>
<msg timestamp="20210925 01:39:32.577" level="INFO">POST Request : url=http://marvel.qaninja.academy/characters 
 path_url=/characters 
 headers={'User-Agent': 'python-requests/2.26.0', 'Accept-Encoding': 'gzip, deflate', 'Accept': '*/*', 'Connection': 'keep-alive', 'client_key': '6148fc1887266300169300fb', 'Content-Length': '86', 'Content-Type': 'application/json'} 
 body=b'{"name": "Logan", "aliases": "Wolverine", "age": 100, "team": "X-men", "active": true}' 
 </msg>
<msg timestamp="20210925 01:39:32.577" level="INFO">POST Response : url=http://marvel.qaninja.academy/characters 
 status=200, reason=OK 
 headers={'Server': 'Cowboy', 'Connection': 'keep-alive', 'X-Powered-By': 'Express', 'Access-Control-Allow-Origin': '*', 'Content-Type': 'application/json; charset=utf-8', 'Content-Length': '145', 'Etag': 'W/"91-GVco2CiYbAL+StsyjA0MLncJYSk"', 'Date': 'Sat, 25 Sep 2021 04:40:47 GMT', 'Via': '1.1 vegur'} 
 body={"_id":"614ea84f9935ee0016ee2cc8","name":"Logan","age":100,"aliases":"Wolverine","team":"X-men","active":true,"owner":"6148fc1887266300169300fb"} 
 </msg>
<msg timestamp="20210925 01:39:32.577" level="INFO">${response} = &lt;Response [200]&gt;</msg>
<status status="PASS" starttime="20210925 01:39:32.280" endtime="20210925 01:39:32.577"/>
</kw>
<msg timestamp="20210925 01:39:32.579" level="INFO">${logan} = &lt;Response [200]&gt;</msg>
<status status="PASS" starttime="20210925 01:39:32.280" endtime="20210925 01:39:32.579"/>
</kw>
<kw name="Set Variable" library="BuiltIn">
<var>${logan_id}</var>
<arg>${logan.json()}[_id]</arg>
<doc>Returns the given values which can then be assigned to a variables.</doc>
<msg timestamp="20210925 01:39:32.580" level="INFO">${logan_id} = 614ea84f9935ee0016ee2cc8</msg>
<status status="PASS" starttime="20210925 01:39:32.580" endtime="20210925 01:39:32.580"/>
</kw>
<kw name="GET Character By Id" library="Characters">
<var>${response}</var>
<arg>${logan_id}</arg>
<kw name="GET" library="RequestsLibrary">
<var>${response}</var>
<arg>${API_URL}/characters/${Character_id}</arg>
<arg>headers=${HEADERS}</arg>
<arg>expected_status=any</arg>
<doc>Sends a GET request.</doc>
<msg timestamp="20210925 01:39:32.958" level="INFO">GET Request : url=http://marvel.qaninja.academy/characters/614ea84f9935ee0016ee2cc8 
 path_url=/characters/614ea84f9935ee0016ee2cc8 
 headers={'User-Agent': 'python-requests/2.26.0', 'Accept-Encoding': 'gzip, deflate', 'Accept': '*/*', 'Connection': 'keep-alive', 'client_key': '6148fc1887266300169300fb'} 
 body=None 
 </msg>
<msg timestamp="20210925 01:39:32.958" level="INFO">GET Response : url=http://marvel.qaninja.academy/characters/614ea84f9935ee0016ee2cc8 
 status=200, reason=OK 
 headers={'Server': 'Cowboy', 'Connection': 'keep-alive', 'X-Powered-By': 'Express', 'Access-Control-Allow-Origin': '*', 'Content-Type': 'application/json; charset=utf-8', 'Content-Length': '145', 'Etag': 'W/"91-GVco2CiYbAL+StsyjA0MLncJYSk"', 'Date': 'Sat, 25 Sep 2021 04:40:47 GMT', 'Via': '1.1 vegur'} 
 body={"_id":"614ea84f9935ee0016ee2cc8","name":"Logan","age":100,"aliases":"Wolverine","team":"X-men","active":true,"owner":"6148fc1887266300169300fb"} 
 </msg>
<msg timestamp="20210925 01:39:32.958" level="INFO">${response} = &lt;Response [200]&gt;</msg>
<status status="PASS" starttime="20210925 01:39:32.581" endtime="20210925 01:39:32.958"/>
</kw>
<msg timestamp="20210925 01:39:32.960" level="INFO">${response} = &lt;Response [200]&gt;</msg>
<status status="PASS" starttime="20210925 01:39:32.581" endtime="20210925 01:39:32.960"/>
</kw>
<kw name="Status Should Be" library="RequestsLibrary">
<arg>200</arg>
<arg>${response}</arg>
<doc>Fails if response status code is different than the expected.</doc>
<status status="PASS" starttime="20210925 01:39:32.961" endtime="20210925 01:39:32.961"/>
</kw>
<kw name="Should Be Equal" library="BuiltIn">
<arg>${logan.json()}[name]</arg>
<arg>${personagem}[name]</arg>
<doc>Fails if the given objects are unequal.</doc>
<status status="PASS" starttime="20210925 01:39:32.961" endtime="20210925 01:39:32.962"/>
</kw>
<kw name="Should Be Equal" library="BuiltIn">
<arg>${logan.json()}[aliases]</arg>
<arg>${personagem}[aliases]</arg>
<doc>Fails if the given objects are unequal.</doc>
<status status="PASS" starttime="20210925 01:39:32.962" endtime="20210925 01:39:32.963"/>
</kw>
<kw name="Should Be Equal" library="BuiltIn">
<arg>${logan.json()}[age]</arg>
<arg>${personagem}[age]</arg>
<doc>Fails if the given objects are unequal.</doc>
<status status="PASS" starttime="20210925 01:39:32.963" endtime="20210925 01:39:32.964"/>
</kw>
<kw name="Should Be Equal" library="BuiltIn">
<arg>${logan.json()}[team]</arg>
<arg>${personagem}[team]</arg>
<doc>Fails if the given objects are unequal.</doc>
<status status="PASS" starttime="20210925 01:39:32.964" endtime="20210925 01:39:32.965"/>
</kw>
<kw name="Should Be Equal" library="BuiltIn">
<arg>${logan.json()}[active]</arg>
<arg>${personagem}[active]</arg>
<doc>Fails if the given objects are unequal.</doc>
<status status="PASS" starttime="20210925 01:39:32.965" endtime="20210925 01:39:32.965"/>
</kw>
<status status="PASS" starttime="20210925 01:39:32.278" endtime="20210925 01:39:32.966"/>
</test>
<test id="s1-s3-t2" name="Personagem não encontrado">
<kw name="Get Unique Id" library="Helpers">
<var>${personagem_id}</var>
<msg timestamp="20210925 01:39:32.969" level="INFO">${personagem_id} = 614ea804588a2927d07a4bc1</msg>
<status status="PASS" starttime="20210925 01:39:32.969" endtime="20210925 01:39:32.969"/>
</kw>
<kw name="GET Character By Id" library="Characters">
<var>${response}</var>
<arg>${personagem_id}</arg>
<kw name="GET" library="RequestsLibrary">
<var>${response}</var>
<arg>${API_URL}/characters/${Character_id}</arg>
<arg>headers=${HEADERS}</arg>
<arg>expected_status=any</arg>
<doc>Sends a GET request.</doc>
<msg timestamp="20210925 01:39:33.342" level="INFO">GET Request : url=http://marvel.qaninja.academy/characters/614ea804588a2927d07a4bc1 
 path_url=/characters/614ea804588a2927d07a4bc1 
 headers={'User-Agent': 'python-requests/2.26.0', 'Accept-Encoding': 'gzip, deflate', 'Accept': '*/*', 'Connection': 'keep-alive', 'client_key': '6148fc1887266300169300fb'} 
 body=None 
 </msg>
<msg timestamp="20210925 01:39:33.342" level="INFO">GET Response : url=http://marvel.qaninja.academy/characters/614ea804588a2927d07a4bc1 
 status=404, reason=Not Found 
 headers={'Server': 'Cowboy', 'Connection': 'keep-alive', 'X-Powered-By': 'Express', 'Access-Control-Allow-Origin': '*', 'Date': 'Sat, 25 Sep 2021 04:40:48 GMT', 'Content-Length': '0', 'Via': '1.1 vegur'} 
 body=None 
 </msg>
<msg timestamp="20210925 01:39:33.342" level="INFO">${response} = &lt;Response [404]&gt;</msg>
<status status="PASS" starttime="20210925 01:39:32.970" endtime="20210925 01:39:33.342"/>
</kw>
<msg timestamp="20210925 01:39:33.343" level="INFO">${response} = &lt;Response [404]&gt;</msg>
<status status="PASS" starttime="20210925 01:39:32.970" endtime="20210925 01:39:33.343"/>
</kw>
<kw name="Status Should Be" library="RequestsLibrary">
<arg>404</arg>
<arg>${response}</arg>
<doc>Fails if response status code is different than the expected.</doc>
<status status="PASS" starttime="20210925 01:39:33.344" endtime="20210925 01:39:33.345"/>
</kw>
<status status="PASS" starttime="20210925 01:39:32.968" endtime="20210925 01:39:33.345"/>
</test>
<doc>Suite de Teste do cadastro de personagens na API da Marvel</doc>
<status status="PASS" starttime="20210925 01:39:31.581" endtime="20210925 01:39:33.347"/>
</suite>
<status status="PASS" starttime="20210925 01:39:27.760" endtime="20210925 01:39:33.351"/>
</suite>
<statistics>
<total>
<stat pass="6" fail="0" skip="0">All Tests</stat>
</total>
<tag>
<stat pass="1" fail="0" skip="0">dup</stat>
</tag>
<suite>
<stat pass="6" fail="0" skip="0" id="s1" name="Specs">Specs</stat>
<stat pass="2" fail="0" skip="0" id="s1-s1" name="CreateCharacters">Specs.CreateCharacters</stat>
<stat pass="2" fail="0" skip="0" id="s1-s2" name="RemoveCharacters">Specs.RemoveCharacters</stat>
<stat pass="2" fail="0" skip="0" id="s1-s3" name="SearchCharacters">Specs.SearchCharacters</stat>
</suite>
</statistics>
<errors>
</errors>
</robot>
