<?xml version="1.0" encoding="UTF-8"?>
<robot generator="Robot 4.1.1 (Python 3.9.7 on win32)" generated="20210924 21:09:56.916" rpa="false" schemaversion="2">
<suite id="s1" name="CreateCharacters" source="C:\projects\marvel-api\specs\CreateCharacters.robot">
<test id="s1-t1" name="Deve cadastrar um Personagem">
<kw name="Set Client Key">
<arg>sgabrielcardosoc@gmail.com</arg>
<kw name="Create Dictionary" library="BuiltIn">
<var>&amp;{usuario}</var>
<arg>email=${email}</arg>
<doc>Creates and returns a dictionary based on the given ``items``.</doc>
<msg timestamp="20210924 21:09:57.000" level="INFO">&amp;{usuario} = { email=sgabrielcardosoc@gmail.com }</msg>
<status status="PASS" starttime="20210924 21:09:56.999" endtime="20210924 21:09:57.000"/>
</kw>
<kw name="POST" library="RequestsLibrary">
<var>${response}</var>
<arg>http://marvel.qaninja.academy/accounts</arg>
<arg>json=${usuario}</arg>
<doc>Sends a POST request.</doc>
<msg timestamp="20210924 21:09:57.319" level="INFO">POST Request : url=http://marvel.qaninja.academy/accounts 
 path_url=/accounts 
 headers={'User-Agent': 'python-requests/2.26.0', 'Accept-Encoding': 'gzip, deflate', 'Accept': '*/*', 'Connection': 'keep-alive', 'Content-Length': '39', 'Content-Type': 'application/json'} 
 body=b'{"email": "sgabrielcardosoc@gmail.com"}' 
 </msg>
<msg timestamp="20210924 21:09:57.320" level="INFO">POST Response : url=http://marvel.qaninja.academy/accounts 
 status=200, reason=OK 
 headers={'Server': 'Cowboy', 'Connection': 'keep-alive', 'X-Powered-By': 'Express', 'Access-Control-Allow-Origin': '*', 'Content-Type': 'application/json; charset=utf-8', 'Content-Length': '41', 'Etag': 'W/"29-teaX8ciu3G57+P6WgWTaarTXHB8"', 'Date': 'Sat, 25 Sep 2021 00:11:12 GMT', 'Via': '1.1 vegur'} 
 body={"client_key":"6148fc1887266300169300fb"} 
 </msg>
<msg timestamp="20210924 21:09:57.320" level="INFO">${response} = &lt;Response [200]&gt;</msg>
<status status="PASS" starttime="20210924 21:09:57.000" endtime="20210924 21:09:57.320"/>
</kw>
<kw name="Set Variable" library="BuiltIn">
<var>${client_key}</var>
<arg>${response.json()}[client_key]</arg>
<doc>Returns the given values which can then be assigned to a variables.</doc>
<msg timestamp="20210924 21:09:57.320" level="INFO">${client_key} = 6148fc1887266300169300fb</msg>
<status status="PASS" starttime="20210924 21:09:57.320" endtime="20210924 21:09:57.320"/>
</kw>
<kw name="Create Dictionary" library="BuiltIn">
<var>&amp;{HEADERS}</var>
<arg>client_key=${client_key}</arg>
<doc>Creates and returns a dictionary based on the given ``items``.</doc>
<msg timestamp="20210924 21:09:57.321" level="INFO">&amp;{HEADERS} = { client_key=6148fc1887266300169300fb }</msg>
<status status="PASS" starttime="20210924 21:09:57.320" endtime="20210924 21:09:57.321"/>
</kw>
<kw name="Set Suite Variable" library="BuiltIn">
<arg>${HEADERS}</arg>
<doc>Makes a variable available everywhere within the scope of the current suite.</doc>
<msg timestamp="20210924 21:09:57.321" level="INFO">${HEADERS} = {'client_key': '6148fc1887266300169300fb'}</msg>
<status status="PASS" starttime="20210924 21:09:57.321" endtime="20210924 21:09:57.321"/>
</kw>
<status status="PASS" starttime="20210924 21:09:56.999" endtime="20210924 21:09:57.321"/>
</kw>
<kw name="Factory Thanos">
<var>&amp;{personagem}</var>
<msg timestamp="20210924 21:09:57.323" level="FAIL">No keyword with name 'Factory Thanos' found.</msg>
<status status="FAIL" starttime="20210924 21:09:57.323" endtime="20210924 21:09:57.323"/>
</kw>
<kw name="POST" library="RequestsLibrary">
<var>${response}</var>
<arg>http://marvel.qaninja.academy/characters</arg>
<arg>json=${personagem}</arg>
<arg>headers=${headers}</arg>
<doc>Sends a POST request.</doc>
<status status="NOT RUN" starttime="20210924 21:09:57.324" endtime="20210924 21:09:57.324"/>
</kw>
<kw name="Status Should Be" library="RequestsLibrary">
<arg>200</arg>
<arg>${response}</arg>
<doc>Fails if response status code is different than the expected.</doc>
<status status="NOT RUN" starttime="20210924 21:09:57.324" endtime="20210924 21:09:57.324"/>
</kw>
<status status="FAIL" starttime="20210924 21:09:56.999" endtime="20210924 21:09:57.324">No keyword with name 'Factory Thanos' found.</status>
</test>
<doc>Suite de Teste do cadastro de personagens na API da Marvel</doc>
<status status="FAIL" starttime="20210924 21:09:56.917" endtime="20210924 21:09:57.326"/>
</suite>
<statistics>
<total>
<stat pass="0" fail="1" skip="0">All Tests</stat>
</total>
<tag>
</tag>
<suite>
<stat pass="0" fail="1" skip="0" id="s1" name="CreateCharacters">CreateCharacters</stat>
</suite>
</statistics>
<errors>
<msg timestamp="20210924 21:09:56.997" level="ERROR">Error in file 'C:\projects\marvel-api\specs\CreateCharacters.robot' on line 5: Test library 'C:\projects\marvel-api\specs\resources\factories\Thanos.py' does not exist.</msg>
</errors>
</robot>
